lib/services/mahad/cohort-service.ts(136,40): error TS2345: Argument of type '{ id: string; name: string; email: string | null; phone: string | null; dateOfBirth: Date | null; educationLevel: EducationLevel | null; gradeLevel: GradeLevel | null; ... 7 more ...; subscription: { ...; }; }[]' is not assignable to parameter of type '({ batch: { name: string; id: string; startDate: Date | null; endDate: Date | null; createdAt: Date; updatedAt: Date; } | null; programProfile: { person: { contactPoints: { ...; }[]; } & { ...; }; assignments: ({ ...; } & { ...; })[]; } & { ...; }; } & { ...; })[]'.
  Type '{ id: string; name: string; email: string | null; phone: string | null; dateOfBirth: Date | null; educationLevel: $Enums.EducationLevel | null; gradeLevel: $Enums.GradeLevel | null; ... 7 more ...; subscription: { ...; }; }' is not assignable to type '{ batch: { name: string; id: string; startDate: Date | null; endDate: Date | null; createdAt: Date; updatedAt: Date; } | null; programProfile: { person: { contactPoints: { ...; }[]; } & { ...; }; assignments: ({ ...; } & { ...; })[]; } & { ...; }; } & { ...; }'.
    Property 'programProfile' is missing in type '{ id: string; name: string; email: string | null; phone: string | null; dateOfBirth: Date | null; educationLevel: $Enums.EducationLevel | null; gradeLevel: $Enums.GradeLevel | null; ... 7 more ...; subscription: { ...; }; }' but required in type '{ batch: { name: string; id: string; startDate: Date | null; endDate: Date | null; createdAt: Date; updatedAt: Date; } | null; programProfile: { person: { contactPoints: { ...; }[]; } & { ...; }; assignments: ({ ...; } & { ...; })[]; } & { ...; }; }'.
lib/services/mahad/enrollment-service.ts(87,72): error TS2345: Argument of type '{ endDate: Date; }' is not assignable to parameter of type 'string'.
lib/services/mahad/enrollment-service.ts(96,9): error TS2322: Type '"ACTIVE"' is not assignable to type 'EnrollmentStatus | undefined'.
lib/services/mahad/enrollment-service.ts(145,71): error TS2345: Argument of type '{ endDate: Date; }' is not assignable to parameter of type 'string'.
lib/services/mahad/enrollment-service.ts(153,9): error TS2322: Type '"ACTIVE"' is not assignable to type 'EnrollmentStatus | undefined'.
lib/services/mahad/enrollment-service.ts(189,67): error TS2345: Argument of type '{ endDate: Date; }' is not assignable to parameter of type 'string'.
lib/services/mahad/enrollment-service.ts(248,61): error TS2345: Argument of type '{ endDate?: Date | null | undefined; notes?: string | undefined; } | undefined' is not assignable to parameter of type 'string | null | undefined'.
  Type '{ endDate?: Date | null | undefined; notes?: string | undefined; }' is not assignable to type 'string'.
lib/services/mahad/student-service.ts(125,5): error TS2353: Object literal may only specify known properties, and 'monthlyRate' does not exist in type '{ personId: string; program: Program; status?: EnrollmentStatus | undefined; educationLevel?: EducationLevel | null | undefined; gradeLevel?: GradeLevel | ... 1 more ... | undefined; schoolName?: string | ... 1 more ... | undefined; familyReferenceId?: string | ... 1 more ... | undefined; }'.
lib/services/mahad/student-service.ts(135,9): error TS2322: Type '"ACTIVE"' is not assignable to type 'EnrollmentStatus | undefined'.
lib/services/mahad/student-service.ts(306,52): error TS2345: Argument of type '"MAHAD_PROGRAM"' is not assignable to parameter of type 'DatabaseClient | undefined'.
lib/services/mahad/student-service.ts(334,7): error TS2353: Object literal may only specify known properties, and 'isActive' does not exist in type '(Without<ProgramProfileUpdateInput, ProgramProfileUncheckedUpdateInput> & ProgramProfileUncheckedUpdateInput) | (Without<...> & ProgramProfileUpdateInput)'.
lib/services/shared/parent-service.ts(112,17): error TS2322: Type 'string | null' is not assignable to type 'string | StringFieldUpdateOperationsInput | undefined'.
  Type 'null' is not assignable to type 'string | StringFieldUpdateOperationsInput | undefined'.
lib/services/shared/parent-service.ts(119,11): error TS2322: Type 'string | null' is not assignable to type 'string'.
  Type 'null' is not assignable to type 'string'.
lib/services/shared/parent-service.ts(175,15): error TS2322: Type 'string | null' is not assignable to type 'string'.
  Type 'null' is not assignable to type 'string'.
